<?xml version="1.0" encoding="UTF-8"?>
<!-- Generated by org.testng.reporters.JUnitReportReporter -->
<testsuite hostname="PWLAP2719" failures="0" tests="1" name="tata_CG.PrequotePageTest" time="18.867" errors="0" timestamp="2023-10-06T21:34:03 IST" skipped="0">
  <testcase classname="tata_CG.PrequotePageTest" name="Prequote" time="18.867"/>
  <system-out/>
</testsuite> <!-- tata_CG.PrequotePageTest -->
