<?xml version="1.0" encoding="UTF-8"?>
<!-- Generated by org.testng.reporters.JUnitReportReporter -->
<testsuite hostname="PWLAP2719" failures="0" tests="1" name="tata_CG.PrequoteTest" time="12.287" errors="0" timestamp="2023-09-07T16:37:33 IST" skipped="0">
  <testcase classname="tata_CG.PrequoteTest" name="Prequote" time="12.287"/>
  <system-out/>
</testsuite> <!-- tata_CG.PrequoteTest -->
