<?xml version="1.0" encoding="UTF-8"?>
<!-- Generated by org.testng.reporters.JUnitReportReporter -->
<testsuite hostname="PWLAP2719" failures="0" tests="1" name="Baxa_CG.PrequoteTest" time="12.452" errors="0" timestamp="2023-09-07T16:34:37 IST" skipped="0">
  <testcase classname="Baxa_CG.PrequoteTest" name="Prequote" time="12.452"/>
  <system-out/>
</testsuite> <!-- Baxa_CG.PrequoteTest -->
