<?xml version="1.0" encoding="UTF-8"?>
<!-- Generated by org.testng.reporters.JUnitReportReporter -->
<testsuite hostname="PWLAP2719" failures="0" tests="1" name="tata_CG.PrequotePageTest" time="13.272" errors="0" timestamp="2023-09-11T16:57:26 IST" skipped="0">
  <testcase classname="tata_CG.PrequotePageTest" name="Prequote" time="13.272"/>
  <system-out/>
</testsuite> <!-- tata_CG.PrequotePageTest -->
