<?xml version="1.0" encoding="UTF-8"?>
<!-- Generated by org.testng.reporters.JUnitReportReporter -->
<testsuite hostname="PWLAP2719" failures="0" tests="1" name="Baxa_CG.ProductPage" time="4.313" errors="0" timestamp="2023-06-01T18:22:53 IST" skipped="0">
  <testcase classname="Baxa_CG.ProductPage" name="method1" time="4.313"/>
  <system-out/>
</testsuite> <!-- Baxa_CG.ProductPage -->
