<?xml version="1.0" encoding="UTF-8"?>
<!-- Generated by org.testng.reporters.JUnitReportReporter -->
<testsuite hostname="PWLAP2719" failures="0" tests="1" name="Learning.learnjava" time="15.378" errors="0" timestamp="2023-06-01T17:00:23 IST" skipped="0">
  <testcase classname="Learning.learnjava" name="method1" time="15.378"/>
  <system-out/>
</testsuite> <!-- Learning.learnjava -->
